# JRE version: OpenJDK Runtime Environment (21.0.5) (build 21.0.5+-13047016-b750.29)
# Java VM: OpenJDK 64-Bit Server VM (21.0.5+-13047016-b750.29, mixed mode, tiered, compressed oops, compressed class ptrs, g1 gc, windows-amd64)
GC Precious Log:
 CardTable entry size: 512
 Card Set container configuration: InlinePtr #cards 4 size 8 Array Of Cards #cards 32 size 80 Howl #buckets 8 coarsen threshold 7372 Howl Bitmap #cards 1024 size 144 coarsen threshold 921 Card regions per heap region 1 cards per card region 8192
 CPUs: 8 total, 8 available
 Memory: 7834M
 Large Page Support: Disabled
 NUMA Support: Disabled
 Compressed Oops: Enabled (Zero based)
 Heap Region Size: 4M
 Heap Min Capacity: 8M
 Heap Initial Capacity: 124M
 Heap Max Capacity: 8G
 Pre-touch: Disabled
 Parallel Workers: 8
 Concurrent Workers: 2
 Concurrent Refinement Workers: 8
 Periodic GC: Disabled
Heap:
 garbage-first heap   total 1740800K, used 522189K [0x0000000600000000, 0x0000000800000000)
  region size 4096K, 3 young (12288K), 3 survivors (12288K)
 Metaspace       used 251033K, committed 254656K, reserved 1310720K
  class space    used 31871K, committed 33600K, reserved 1048576K
GC Heap History (20 events):
Event: 1773.059 GC heap after
{Heap after GC invocations=117 (full 0):
 garbage-first heap   total 1462272K, used 449644K [0x0000000600000000, 0x0000000800000000)
  region size 4096K, 2 young (8192K), 2 survivors (8192K)
 Metaspace       used 231422K, committed 235072K, reserved 1310720K
  class space    used 28905K, committed 30656K, reserved 1048576K
}
Event: 1777.204 GC heap before
{Heap before GC invocations=117 (full 0):
 garbage-first heap   total 1462272K, used 511084K [0x0000000600000000, 0x0000000800000000)
  region size 4096K, 17 young (69632K), 2 survivors (8192K)
 Metaspace       used 233421K, committed 237056K, reserved 1310720K
  class space    used 29189K, committed 30912K, reserved 1048576K
}
Event: 1777.499 GC heap after
{Heap after GC invocations=118 (full 0):
 garbage-first heap   total 1462272K, used 449145K [0x0000000600000000, 0x0000000800000000)
  region size 4096K, 2 young (8192K), 2 survivors (8192K)
 Metaspace       used 233421K, committed 237056K, reserved 1310720K
  class space    used 29189K, committed 30912K, reserved 1048576K
}
Event: 1826.269 GC heap before
{Heap before GC invocations=118 (full 0):
 garbage-first heap   total 1462272K, used 506489K [0x0000000600000000, 0x0000000800000000)
  region size 4096K, 17 young (69632K), 2 survivors (8192K)
 Metaspace       used 237689K, committed 241344K, reserved 1310720K
  class space    used 29865K, committed 31616K, reserved 1048576K
}
Event: 1826.548 GC heap after
{Heap after GC invocations=119 (full 0):
 garbage-first heap   total 1462272K, used 452314K [0x0000000600000000, 0x0000000800000000)
  region size 4096K, 3 young (12288K), 3 survivors (12288K)
 Metaspace       used 237689K, committed 241344K, reserved 1310720K
  class space    used 29865K, committed 31616K, reserved 1048576K
}
Event: 1828.176 GC heap before
{Heap before GC invocations=119 (full 0):
 garbage-first heap   total 1462272K, used 505562K [0x0000000600000000, 0x0000000800000000)
  region size 4096K, 17 young (69632K), 3 survivors (12288K)
 Metaspace       used 243210K, committed 246848K, reserved 1310720K
  class space    used 30879K, committed 32640K, reserved 1048576K
}
Event: 1828.258 GC heap after
{Heap after GC invocations=120 (full 0):
 garbage-first heap   total 1462272K, used 457095K [0x0000000600000000, 0x0000000800000000)
  region size 4096K, 3 young (12288K), 3 survivors (12288K)
 Metaspace       used 243210K, committed 246848K, reserved 1310720K
  class space    used 30879K, committed 32640K, reserved 1048576K
}
Event: 1829.308 GC heap before
{Heap before GC invocations=120 (full 0):
 garbage-first heap   total 1462272K, used 530823K [0x0000000600000000, 0x0000000800000000)
  region size 4096K, 17 young (69632K), 3 survivors (12288K)
 Metaspace       used 246299K, committed 249920K, reserved 1310720K
  class space    used 31311K, committed 33024K, reserved 1048576K
}
Event: 1829.445 GC heap after
{Heap after GC invocations=121 (full 0):
 garbage-first heap   total 1740800K, used 468925K [0x0000000600000000, 0x0000000800000000)
  region size 4096K, 2 young (8192K), 2 survivors (8192K)
 Metaspace       used 246299K, committed 249920K, reserved 1310720K
  class space    used 31311K, committed 33024K, reserved 1048576K
}
Event: 1831.096 GC heap before
{Heap before GC invocations=121 (full 0):
 garbage-first heap   total 1740800K, used 579517K [0x0000000600000000, 0x0000000800000000)
  region size 4096K, 29 young (118784K), 2 survivors (8192K)
 Metaspace       used 248506K, committed 252160K, reserved 1310720K
  class space    used 31544K, committed 33280K, reserved 1048576K
}
Event: 1831.160 GC heap after
{Heap after GC invocations=122 (full 0):
 garbage-first heap   total 1740800K, used 473422K [0x0000000600000000, 0x0000000800000000)
  region size 4096K, 3 young (12288K), 3 survivors (12288K)
 Metaspace       used 248506K, committed 252160K, reserved 1310720K
  class space    used 31544K, committed 33280K, reserved 1048576K
}
Event: 1832.648 GC heap before
{Heap before GC invocations=122 (full 0):
 garbage-first heap   total 1740800K, used 575822K [0x0000000600000000, 0x0000000800000000)
  region size 4096K, 28 young (114688K), 3 survivors (12288K)
 Metaspace       used 249833K, committed 253504K, reserved 1310720K
  class space    used 31677K, committed 33408K, reserved 1048576K
}
Event: 1832.676 GC heap after
{Heap after GC invocations=123 (full 0):
 garbage-first heap   total 1740800K, used 477223K [0x0000000600000000, 0x0000000800000000)
  region size 4096K, 3 young (12288K), 3 survivors (12288K)
 Metaspace       used 249833K, committed 253504K, reserved 1310720K
  class space    used 31677K, committed 33408K, reserved 1048576K
}
Event: 1836.021 GC heap before
{Heap before GC invocations=123 (full 0):
 garbage-first heap   total 1740800K, used 571431K [0x0000000600000000, 0x0000000800000000)
  region size 4096K, 27 young (110592K), 3 survivors (12288K)
 Metaspace       used 250199K, committed 253888K, reserved 1310720K
  class space    used 31712K, committed 33472K, reserved 1048576K
}
Event: 1836.056 GC heap after
{Heap after GC invocations=124 (full 0):
 garbage-first heap   total 1740800K, used 480725K [0x0000000600000000, 0x0000000800000000)
  region size 4096K, 2 young (8192K), 2 survivors (8192K)
 Metaspace       used 250199K, committed 253888K, reserved 1310720K
  class space    used 31712K, committed 33472K, reserved 1048576K
}
Event: 1846.133 GC heap before
{Heap before GC invocations=125 (full 0):
 garbage-first heap   total 1572864K, used 816597K [0x0000000600000000, 0x0000000800000000)
  region size 4096K, 88 young (360448K), 2 survivors (8192K)
 Metaspace       used 250954K, committed 254528K, reserved 1310720K
  class space    used 31863K, committed 33600K, reserved 1048576K
}
Event: 1846.484 GC heap after
{Heap after GC invocations=126 (full 0):
 garbage-first heap   total 1572864K, used 508584K [0x0000000600000000, 0x0000000800000000)
  region size 4096K, 11 young (45056K), 11 survivors (45056K)
 Metaspace       used 250954K, committed 254528K, reserved 1310720K
  class space    used 31863K, committed 33600K, reserved 1048576K
}
Event: 1846.818 GC heap before
{Heap before GC invocations=126 (full 0):
 garbage-first heap   total 1572864K, used 541352K [0x0000000600000000, 0x0000000800000000)
  region size 4096K, 19 young (77824K), 11 survivors (45056K)
 Metaspace       used 250966K, committed 254592K, reserved 1310720K
  class space    used 31863K, committed 33600K, reserved 1048576K
}
Event: 1847.159 GC heap after
{Heap after GC invocations=127 (full 0):
 garbage-first heap   total 1572864K, used 514656K [0x0000000600000000, 0x0000000800000000)
  region size 4096K, 2 young (8192K), 2 survivors (8192K)
 Metaspace       used 250966K, committed 254592K, reserved 1310720K
  class space    used 31863K, committed 33600K, reserved 1048576K
}
Event: 1847.627 GC heap before
{Heap before GC invocations=127 (full 0):
 garbage-first heap   total 1572864K, used 584288K [0x0000000600000000, 0x0000000800000000)
  region size 4096K, 19 young (77824K), 2 survivors (8192K)
 Metaspace       used 251033K, committed 254656K, reserved 1310720K
  class space    used 31871K, committed 33600K, reserved 1048576K
}

