# JRE version: OpenJDK Runtime Environment (21.0.5) (build 21.0.5+-13047016-b750.29)
# Java VM: OpenJDK 64-Bit Server VM (21.0.5+-13047016-b750.29, mixed mode, tiered, compressed oops, compressed class ptrs, g1 gc, windows-amd64)
GC Precious Log:
 CardTable entry size: 512
 Card Set container configuration: InlinePtr #cards 4 size 8 Array Of Cards #cards 32 size 80 Howl #buckets 8 coarsen threshold 7372 Howl Bitmap #cards 1024 size 144 coarsen threshold 921 Card regions per heap region 1 cards per card region 8192
 CPUs: 8 total, 8 available
 Memory: 7834M
 Large Page Support: Disabled
 NUMA Support: Disabled
 Compressed Oops: Enabled (Zero based)
 Heap Region Size: 4M
 Heap Min Capacity: 8M
 Heap Initial Capacity: 124M
 Heap Max Capacity: 8G
 Pre-touch: Disabled
 Parallel Workers: 8
 Concurrent Workers: 2
 Concurrent Refinement Workers: 8
 Periodic GC: Disabled
Heap:
 garbage-first heap   total 1630208K, used 554156K [0x0000000600000000, 0x0000000800000000)
  region size 4096K, 8 young (32768K), 8 survivors (32768K)
 Metaspace       used 200749K, committed 203584K, reserved 1245184K
  class space    used 26172K, committed 27520K, reserved 1048576K
GC Heap History (20 events):
Event: 482.003 GC heap after
{Heap after GC invocations=107 (full 0):
 garbage-first heap   total 1327104K, used 412704K [0x0000000600000000, 0x0000000800000000)
  region size 4096K, 13 young (53248K), 13 survivors (53248K)
 Metaspace       used 198450K, committed 201280K, reserved 1245184K
  class space    used 25943K, committed 27328K, reserved 1048576K
}
Event: 485.416 GC heap before
{Heap before GC invocations=108 (full 0):
 garbage-first heap   total 1327104K, used 1154080K [0x0000000600000000, 0x0000000800000000)
  region size 4096K, 194 young (794624K), 13 survivors (53248K)
 Metaspace       used 198548K, committed 201408K, reserved 1245184K
  class space    used 25951K, committed 27328K, reserved 1048576K
}
Event: 485.463 GC heap after
{Heap after GC invocations=109 (full 0):
 garbage-first heap   total 1327104K, used 412118K [0x0000000600000000, 0x0000000800000000)
  region size 4096K, 13 young (53248K), 13 survivors (53248K)
 Metaspace       used 198548K, committed 201408K, reserved 1245184K
  class space    used 25951K, committed 27328K, reserved 1048576K
}
Event: 487.664 GC heap before
{Heap before GC invocations=109 (full 0):
 garbage-first heap   total 1327104K, used 1153494K [0x0000000600000000, 0x0000000800000000)
  region size 4096K, 194 young (794624K), 13 survivors (53248K)
 Metaspace       used 198582K, committed 201408K, reserved 1245184K
  class space    used 25952K, committed 27328K, reserved 1048576K
}
Event: 487.748 GC heap after
{Heap after GC invocations=110 (full 0):
 garbage-first heap   total 1327104K, used 413332K [0x0000000600000000, 0x0000000800000000)
  region size 4096K, 16 young (65536K), 16 survivors (65536K)
 Metaspace       used 198582K, committed 201408K, reserved 1245184K
  class space    used 25952K, committed 27328K, reserved 1048576K
}
Event: 491.343 GC heap before
{Heap before GC invocations=110 (full 0):
 garbage-first heap   total 1327104K, used 1138324K [0x0000000600000000, 0x0000000800000000)
  region size 4096K, 194 young (794624K), 16 survivors (65536K)
 Metaspace       used 198693K, committed 201536K, reserved 1245184K
  class space    used 25960K, committed 27328K, reserved 1048576K
}
Event: 491.383 GC heap after
{Heap after GC invocations=111 (full 0):
 garbage-first heap   total 1593344K, used 386550K [0x0000000600000000, 0x0000000800000000)
  region size 4096K, 8 young (32768K), 8 survivors (32768K)
 Metaspace       used 198693K, committed 201536K, reserved 1245184K
  class space    used 25960K, committed 27328K, reserved 1048576K
}
Event: 496.798 GC heap before
{Heap before GC invocations=112 (full 0):
 garbage-first heap   total 1298432K, used 1132022K [0x0000000600000000, 0x0000000800000000)
  region size 4096K, 191 young (782336K), 8 survivors (32768K)
 Metaspace       used 198793K, committed 201600K, reserved 1245184K
  class space    used 25963K, committed 27328K, reserved 1048576K
}
Event: 496.860 GC heap after
{Heap after GC invocations=113 (full 0):
 garbage-first heap   total 1298432K, used 393870K [0x0000000600000000, 0x0000000800000000)
  region size 4096K, 10 young (40960K), 10 survivors (40960K)
 Metaspace       used 198793K, committed 201600K, reserved 1245184K
  class space    used 25963K, committed 27328K, reserved 1048576K
}
Event: 499.616 GC heap before
{Heap before GC invocations=113 (full 0):
 garbage-first heap   total 1298432K, used 1127054K [0x0000000600000000, 0x0000000800000000)
  region size 4096K, 190 young (778240K), 10 survivors (40960K)
 Metaspace       used 198896K, committed 201728K, reserved 1245184K
  class space    used 25977K, committed 27328K, reserved 1048576K
}
Event: 499.805 GC heap after
{Heap after GC invocations=114 (full 0):
 garbage-first heap   total 1298432K, used 409073K [0x0000000600000000, 0x0000000800000000)
  region size 4096K, 16 young (65536K), 16 survivors (65536K)
 Metaspace       used 198896K, committed 201728K, reserved 1245184K
  class space    used 25977K, committed 27328K, reserved 1048576K
}
Event: 501.414 GC heap before
{Heap before GC invocations=114 (full 0):
 garbage-first heap   total 1298432K, used 1121777K [0x0000000600000000, 0x0000000800000000)
  region size 4096K, 190 young (778240K), 16 survivors (65536K)
 Metaspace       used 198905K, committed 201728K, reserved 1245184K
  class space    used 25977K, committed 27328K, reserved 1048576K
}
Event: 501.512 GC heap after
{Heap after GC invocations=115 (full 0):
 garbage-first heap   total 1298432K, used 403567K [0x0000000600000000, 0x0000000800000000)
  region size 4096K, 8 young (32768K), 8 survivors (32768K)
 Metaspace       used 198905K, committed 201728K, reserved 1245184K
  class space    used 25977K, committed 27328K, reserved 1048576K
}
Event: 504.394 GC heap before
{Heap before GC invocations=115 (full 0):
 garbage-first heap   total 1298432K, used 1149039K [0x0000000600000000, 0x0000000800000000)
  region size 4096K, 190 young (778240K), 8 survivors (32768K)
 Metaspace       used 198955K, committed 201792K, reserved 1245184K
  class space    used 25980K, committed 27328K, reserved 1048576K
}
Event: 504.420 GC heap after
{Heap after GC invocations=116 (full 0):
 garbage-first heap   total 1298432K, used 397035K [0x0000000600000000, 0x0000000800000000)
  region size 4096K, 7 young (28672K), 7 survivors (28672K)
 Metaspace       used 198955K, committed 201792K, reserved 1245184K
  class space    used 25980K, committed 27328K, reserved 1048576K
}
Event: 506.976 GC heap before
{Heap before GC invocations=117 (full 0):
 garbage-first heap   total 1298432K, used 1146603K [0x0000000600000000, 0x0000000800000000)
  region size 4096K, 190 young (778240K), 7 survivors (28672K)
 Metaspace       used 199024K, committed 201856K, reserved 1245184K
  class space    used 25981K, committed 27328K, reserved 1048576K
}
Event: 507.013 GC heap after
{Heap after GC invocations=118 (full 0):
 garbage-first heap   total 1298432K, used 400090K [0x0000000600000000, 0x0000000800000000)
  region size 4096K, 8 young (32768K), 8 survivors (32768K)
 Metaspace       used 199024K, committed 201856K, reserved 1245184K
  class space    used 25981K, committed 27328K, reserved 1048576K
}
Event: 527.577 GC heap before
{Heap before GC invocations=118 (full 0):
 garbage-first heap   total 1298432K, used 1170138K [0x0000000600000000, 0x0000000800000000)
  region size 4096K, 190 young (778240K), 8 survivors (32768K)
 Metaspace       used 200733K, committed 203584K, reserved 1245184K
  class space    used 26169K, committed 27520K, reserved 1048576K
}
Event: 528.609 GC heap after
{Heap after GC invocations=119 (full 0):
 garbage-first heap   total 1335296K, used 518939K [0x0000000600000000, 0x0000000800000000)
  region size 4096K, 24 young (98304K), 24 survivors (98304K)
 Metaspace       used 200733K, committed 203584K, reserved 1245184K
  class space    used 26169K, committed 27520K, reserved 1048576K
}
Event: 528.939 GC heap before
{Heap before GC invocations=119 (full 0):
 garbage-first heap   total 1335296K, used 629531K [0x0000000600000000, 0x0000000800000000)
  region size 4096K, 53 young (217088K), 24 survivors (98304K)
 Metaspace       used 200749K, committed 203584K, reserved 1245184K
  class space    used 26172K, committed 27520K, reserved 1048576K
}

